[0.008s] Invoking command in '/home/shaman/Рабочий стол/ex09/full_name_message/build/full_name_message': CMAKE_PREFIX_PATH=${CMAKE_PREFIX_PATH}:/opt/ros/humble /usr/bin/cmake /home/shaman/Рабочий стол/ex09/full_name_message -DCMAKE_INSTALL_PREFIX=/home/shaman/Рабочий стол/ex09/full_name_message/install/full_name_message
[0.096s] -- The C compiler identification is GNU 11.4.0
[0.154s] -- The CXX compiler identification is GNU 11.4.0
[0.161s] -- Detecting C compiler ABI info
[0.210s] -- Detecting C compiler ABI info - done
[0.215s] -- Check for working C compiler: /usr/bin/cc - skipped
[0.215s] -- Detecting C compile features
[0.216s] -- Detecting C compile features - done
[0.218s] -- Detecting CXX compiler ABI info
[0.272s] -- Detecting CXX compiler ABI info - done
[0.277s] -- Check for working CXX compiler: /usr/bin/c++ - skipped
[0.277s] -- Detecting CXX compile features
[0.278s] -- Detecting CXX compile features - done
[0.281s] -- Found ament_cmake: 1.3.10 (/opt/ros/humble/share/ament_cmake/cmake)
[0.382s] -- Found Python3: /usr/bin/python3 (found version "3.10.12") found components: Interpreter 
[0.445s] [31mCMake Error at CMakeLists.txt:11 (rosidl_generate_interfaces):
[0.445s]   Unknown CMake command "rosidl_generate_interfaces".
[0.446s] 
[0.446s] [0m
[0.446s] -- Configuring incomplete, errors occurred!
[0.446s] See also "/home/shaman/Рабочий стол/ex09/full_name_message/build/full_name_message/CMakeFiles/CMakeOutput.log".
[0.449s] Invoked command in '/home/shaman/Рабочий стол/ex09/full_name_message/build/full_name_message' returned '1': CMAKE_PREFIX_PATH=${CMAKE_PREFIX_PATH}:/opt/ros/humble /usr/bin/cmake /home/shaman/Рабочий стол/ex09/full_name_message -DCMAKE_INSTALL_PREFIX=/home/shaman/Рабочий стол/ex09/full_name_message/install/full_name_message
